$VAR1 = bless( {
                 'request' => bless( {
                                       'env' => {
                                                  'psgi.multiprocess' => '',
                                                  'SCRIPT_NAME' => '',
                                                  'SERVER_NAME' => 0,
                                                  'HTTP_ACCEPT_ENCODING' => 'gzip,deflate',
                                                  'HTTP_CONNECTION' => 'keep-alive',
                                                  'PATH_INFO' => '/list',
                                                  'HTTP_ACCEPT' => 'text/html,application/xhtml+xml,application/xml;q=0.9,*/*;q=0.8',
                                                  'REQUEST_METHOD' => 'GET',
                                                  'psgi.multithread' => '',
                                                  'HTTP_ACCEPT_CHARSET' => 'Shift_JIS,utf-8;q=0.7,*;q=0.7',
                                                  'HTTP_USER_AGENT' => 'Mozilla/5.0 (Windows; U; Windows NT 5.1; ja; rv:1.9.2.12) Gecko/20101026 Firefox/3.6.12 ( .NET CLR 3.5.30729)',
                                                  'QUERY_STRING' => '',
                                                  'SERVER_PORT' => '5000',
                                                  'psgix.input.buffered' => 1,
                                                  'HTTP_COOKIE' => 'x-kahua-sgsid=2hwh8e97w464m',
                                                  'HTTP_ACCEPT_LANGUAGE' => 'ja,en-us;q=0.7,en;q=0.3',
                                                  'REMOTE_ADDR' => '192.168.255.109',
                                                  'HTTP_KEEP_ALIVE' => '115',
                                                  'SERVER_PROTOCOL' => 'HTTP/1.1',
                                                  'psgi.streaming' => 1,
                                                  'psgi.errors' => *::STDERR,
                                                  'REQUEST_URI' => '/list',
                                                  'psgi.version' => [
                                                                      1,
                                                                      1
                                                                    ],
                                                  'psgi.nonblocking' => '',
                                                  'psgix.io' => bless( \*Symbol::GEN1, 'IO::Socket::INET' ),
                                                  'psgi.url_scheme' => 'http',
                                                  'psgi.run_once' => '',
                                                  'HTTP_HOST' => '192.168.6.133:5000',
                                                  'psgi.input' => \*{'HTTP::Server::PSGI::$input'}
                                                }
                                     }, 'EWord::Web::Request' ),
                 '_trigger' => {},
                 'db' => bless( {
                                  'driver_name' => 'mysql',
                                  'profiler' => undef,
                                  'suppress_row_objects' => 0,
                                  'klass' => 'EWord::DB',
                                  'schema' => 'EWord::DB::Schema',
                                  'row_class_map' => {
                                                       'word' => 'EWord::DB::Row'
                                                     },
                                  'username' => 'eword',
                                  'on_connect_do' => undef,
                                  'connect_options' => undef,
                                  'password' => 'eword',
                                  'dsn' => 'dbi:mysql:database=eword',
                                  'active_transaction' => 0,
                                  'check_schema' => 1,
                                  'dbh' => bless( {}, 'DBI::db' ),
                                  'dbd' => bless( {}, 'DBIx::Skinny::DBD::mysql' ),
                                  'last_pid' => 2716
                                }, 'EWord::DB' ),
                 'args' => {
                             'controller' => 'EWord',
                             'action' => 'list'
                           },
                 'log' => bless( {
                                   'outputs' => {
                                                  '_anon_0' => bless( {
                                                                        'level_numbers' => {
                                                                                             'alert' => 6,
                                                                                             'info' => 1,
                                                                                             'crit' => 5,
                                                                                             'err' => 4,
                                                                                             'notice' => 2,
                                                                                             'critical' => 5,
                                                                                             'emergency' => 7,
                                                                                             'emerg' => 7,
                                                                                             'warn' => 3,
                                                                                             'debug' => 0,
                                                                                             'warning' => 3,
                                                                                             'error' => 4
                                                                                           },
                                                                        'permissions' => undef,
                                                                        'autoflush' => 1,
                                                                        'mode' => '>',
                                                                        'name' => '_anon_0',
                                                                        'max_level' => 7,
                                                                        'binmode' => undef,
                                                                        'close' => 0,
                                                                        'level_names' => [
                                                                                           'debug',
                                                                                           'info',
                                                                                           'notice',
                                                                                           'warning',
                                                                                           'error',
                                                                                           'critical',
                                                                                           'alert',
                                                                                           'emergency'
                                                                                         ],
                                                                        'filename' => 'log/eword.log',
                                                                        'fh' => \*{'Log::Dispatch::File::$fh'},
                                                                        'min_level' => 0
                                                                      }, 'Log::Dispatch::File' )
                                                }
                                 }, 'Log::Dispatch' )
               }, 'EWord::Web' );
